<?xml version="1.0" encoding="UTF-8"?>
<testsuite xmlns:xsi="http://www.w3.org/2001/XMLSchema-instance" xsi:noNamespaceSchemaLocation="https://maven.apache.org/surefire/maven-surefire-plugin/xsd/surefire-test-report.xsd" name="com.formedix.runners.CukesRunner" time="33.175" tests="1" errors="0" skipped="0" failures="0">
  <properties>
[...]
</properties>
  <testcase name="Navigate to Repository-&gt;Studies and perform the following actions and logout of the application" classname="Login to the application with credentials and perform some actions and logout of the application" time="32.316"/>
</testsuite>